Added Component: Designator=P1(SMTC-TSM-104-01-X-SH)
Add component (AddParameter): Name = "ComponentLink1Description"; Value = "Manufacturer URL"; VariantName = "[No Variations]"
Add component (AddParameter): Name = "ComponentLink1URL"; Value = "http://www.samtec.com"; VariantName = "[No Variations]"
Add component (AddParameter): Name = "ComponentLink2Description"; Value = "Datasheet"; VariantName = "[No Variations]"
Add component (AddParameter): Name = "ComponentLink2URL"; Value = "http://www.samtec.com/documents/webfiles/pdf/TSM.PDF"; VariantName = "[No Variations]"
Add component (AddParameter): Name = "ComponentLink3Description"; Value = "Package Specification"; VariantName = "[No Variations]"
Add component (AddParameter): Name = "ComponentLink3URL"; Value = "http://www.samtec.com/documents/webfiles/cpdf/TSM-1XX-XX-XXX-SH-XX-XXX-XX-MKT1.pdf"; VariantName = "[No Variations]"
Add component (AddParameter): Name = "DatasheetVersion"; Value = "F-214"; VariantName = "[No Variations]"
Add component (AddParameter): Name = "Manufacturer"; Value = "Samtec"; VariantName = "[No Variations]"
Add component (AddParameter): Name = "Mounting Technology"; Value = "Surface Mount"; VariantName = "[No Variations]"
Add component (AddParameter): Name = "Orientation"; Value = "Horizontal"; VariantName = "[No Variations]"
Add component (AddParameter): Name = "PackageDescription"; Value = "Terminal Strip Single Surface Mount"; VariantName = "[No Variations]"
Add component (AddParameter): Name = "PackageReference"; Value = "TSM-104-01-X-SH"; VariantName = "[No Variations]"
Add component (AddParameter): Name = "PackageVersion"; Value = "CD, 7/1991"; VariantName = "[No Variations]"
Add component (AddParameter): Name = "PartNumber"; Value = "TSM-104-01-T-SH"; VariantName = "[No Variations]"
Add component (AddParameter): Name = "Pitch"; Value = "2.54 mm"; VariantName = "[No Variations]"
Add component (AddParameter): Name = "RoHS"; Value = "True"; VariantName = "[No Variations]"
Add component (AddParameter): Name = "Temperature Range"; Value = "-55 to 105 degC"; VariantName = "[No Variations]"
Added Pin To Net: NetName=+5 Pin=P1-4
Added Net: Name=+5
Added Pin To Net: NetName=DAC0 Pin=P1-2
Added Net: Name=DAC0
Added Pin To Net: NetName=DAC1 Pin=P1-1
Added Net: Name=DAC1
Added Pin To Net: NetName=GND Pin=P1-3
Added Net: Name=GND
Added Class: Name=spoofer
